[11 May, 2024 - 17:40:02:402] [31merror[39m: [31mUser with username already exists[39m
[11 May, 2024 - 17:40:33:4033] [31merror[39m: [31mUser with username already exists[39m
[11 May, 2024 - 17:41:41:4141] [31merror[39m: [31mUser with username already exists[39m
[11 May, 2024 - 17:42:19:4219] [31merror[39m: [31mUser with username already exists[39m
[11 May, 2024 - 17:43:18:4318] [31merror[39m: [31mUser with username already exists[39m
[11 May, 2024 - 17:44:09:449] [31merror[39m: [31mUser with username already exists[39m
[11 May, 2024 - 17:44:38:4438] [31merror[39m: [31mUser with username already exists[39m
[11 May, 2024 - 17:44:50:4450] [31merror[39m: [31mUser with username already exists[39m
[11 May, 2024 - 17:45:12:4512] [31merror[39m: [31mUser with username already exists[39m
[11 May, 2024 - 17:45:49:4549] [31merror[39m: [31mUser with username already exists[39m
[11 May, 2024 - 18:07:20:720] [31merror[39m: [31mUser with username already exists[39m
[11 May, 2024 - 18:07:30:730] [31merror[39m: [31mUser with username already exists[39m
[11 May, 2024 - 18:09:44:944] [31merror[39m: [31mUser with username already exists[39m
[11 May, 2024 - 18:14:39:1439] [31merror[39m: [31mUser with username already exists[39m
[11 May, 2024 - 18:14:52:1452] [31merror[39m: [31mUser with username already exists[39m
[11 May, 2024 - 18:18:41:1841] [31merror[39m: [31mUser with username already exists[39m
[11 May, 2024 - 18:18:54:1854] [31merror[39m: [31mUser with username already exists[39m
[11 May, 2024 - 18:19:01:191] [31merror[39m: [31mUser with username already exists[39m
[11 May, 2024 - 18:23:46:2346] [31merror[39m: [31mUser with username already exists[39m
[11 May, 2024 - 18:25:53:2553] [31merror[39m: [31mUser with username already exists[39m
[11 May, 2024 - 18:25:55:2555] [31merror[39m: [31mUser with username already exists[39m
[11 May, 2024 - 18:25:56:2556] [31merror[39m: [31mUser with username already exists[39m
[11 May, 2024 - 18:25:57:2557] [31merror[39m: [31mUser with username already exists[39m
[13 May, 2024 - 10:10:04:104] [31merror[39m: [31mIncorrect password[39m
[13 May, 2024 - 10:10:14:1014] [31merror[39m: [31mIncorrect password[39m
[13 May, 2024 - 10:10:26:1026] [31merror[39m: [31mUser with email or username does not exists[39m
[13 May, 2024 - 10:24:57:2457] [31merror[39m: [31mError form my side[39m
[13 May, 2024 - 10:25:01:251] [31merror[39m: [31mError form my side[39m
[13 May, 2024 - 10:25:43:2543] [31merror[39m: [31mError form my side[39m
[13 May, 2024 - 14:10:04:104] [31merror[39m: [31mUser with email or username does not exists[39m
[13 May, 2024 - 15:04:44:444] [31merror[39m: [31mUser with email or username already exists[39m
[13 May, 2024 - 16:09:12:912] [31merror[39m: [31mUser with email or username already exists[39m
[13 May, 2024 - 16:11:53:1153] [31merror[39m: [31mUser with email or username already exists[39m
[13 May, 2024 - 16:42:09:429] [31merror[39m: [31mUser with email or username already exists[39m
[13 May, 2024 - 16:42:27:4227] [31merror[39m: [31mUser with email or username already exists[39m
[13 May, 2024 - 17:09:08:98] [31merror[39m: [31mUser with email or username already exists[39m
[20 May, 2024 - 17:26:34:2634] [31merror[39m: [31mUser with email or username already exists[39m
[20 May, 2024 - 17:33:36:3336] [31merror[39m: [31mUser with email or username already exists[39m
[20 May, 2024 - 17:39:25:3925] [31merror[39m: [31mUser with email or username already exists[39m
[20 May, 2024 - 17:42:41:4241] [31merror[39m: [31mUser with email or username already exists[39m
[20 May, 2024 - 17:42:45:4245] [31merror[39m: [31mUser with email or username already exists[39m
[20 May, 2024 - 17:43:17:4317] [31merror[39m: [31mUser with email or username already exists[39m
[20 May, 2024 - 18:11:54:1154] [31merror[39m: [31mUser with email or username already exists[39m
[20 May, 2024 - 18:13:15:1315] [31merror[39m: [31mUser with email or username already exists[39m
[20 May, 2024 - 18:13:27:1327] [31merror[39m: [31mUser with email or username already exists[39m
[20 May, 2024 - 18:13:29:1329] [31merror[39m: [31mUser with email or username already exists[39m
[20 May, 2024 - 18:15:40:1540] [31merror[39m: [31mUser with email or username already exists[39m
[20 May, 2024 - 18:20:46:2046] [31merror[39m: [31mUser with email or username already exists[39m
[21 May, 2024 - 10:59:33:5933] [31merror[39m: [31mUser with email or username does not exists[39m
[21 May, 2024 - 11:01:12:112] [31merror[39m: [31mUser with email or username does not exists[39m
[21 May, 2024 - 11:01:42:142] [31merror[39m: [31mIncorrect password[39m
[21 May, 2024 - 11:01:53:153] [31merror[39m: [31mIncorrect password[39m
[21 May, 2024 - 11:01:53:153] [31merror[39m: [31mIncorrect password[39m
[21 May, 2024 - 11:01:54:154] [31merror[39m: [31mIncorrect password[39m
[21 May, 2024 - 11:01:55:155] [31merror[39m: [31mIncorrect password[39m
[21 May, 2024 - 11:01:56:156] [31merror[39m: [31mIncorrect password[39m
[21 May, 2024 - 11:01:57:157] [31merror[39m: [31mIncorrect password[39m
[21 May, 2024 - 11:04:03:43] [31merror[39m: [31mIncorrect password[39m
[21 May, 2024 - 11:04:42:442] [31merror[39m: [31mIncorrect password[39m
[21 May, 2024 - 11:04:57:457] [31merror[39m: [31mIncorrect password[39m
[21 May, 2024 - 11:07:30:730] [31merror[39m: [31mUser with email or username does not exists[39m
[22 May, 2024 - 11:07:38:738] [31merror[39m: [31mIncorrect password[39m
[22 May, 2024 - 11:07:53:753] [31merror[39m: [31mIncorrect password[39m
[22 May, 2024 - 11:08:45:845] [31merror[39m: [31mIncorrect password[39m
[22 May, 2024 - 11:08:54:854] [31merror[39m: [31mIncorrect password[39m
[27 May, 2024 - 12:49:40:4940] [31merror[39m: [31mIncorrect password[39m
[28 May, 2024 - 11:09:10:910] [31merror[39m: [31mUser  already exists[39m
[28 May, 2024 - 11:24:24:2424] [31merror[39m: [31mUser  already exists[39m
[28 May, 2024 - 11:53:29:5329] [31merror[39m: [31mIncorrect password[39m
[28 May, 2024 - 11:53:44:5344] [31merror[39m: [31mIncorrect password[39m
[28 May, 2024 - 12:00:06:06] [31merror[39m: [31mIncorrect password[39m
[28 May, 2024 - 12:00:48:048] [31merror[39m: [31mIncorrect password[39m
[28 May, 2024 - 12:00:57:057] [31merror[39m: [31mUser  already exists[39m
[28 May, 2024 - 12:01:04:14] [31merror[39m: [31mUser  already exists[39m
[28 May, 2024 - 12:01:31:131] [31merror[39m: [31mIncorrect password[39m
[28 May, 2024 - 12:01:57:157] [31merror[39m: [31mIncorrect password[39m
[28 May, 2024 - 12:17:32:1732] [31merror[39m: [31mUser  already exists[39m
[30 May, 2024 - 10:41:02:412] [31merror[39m: [31mUser with email or username already exists[39m
[31 May, 2024 - 12:19:40:1940] [31merror[39m: [31mUser with email or username does not exists[39m
[31 May, 2024 - 12:20:41:2041] [31merror[39m: [31mUser with email or username already exists[39m
[31 May, 2024 - 12:36:49:3649] [31merror[39m: [31mUser with email or username does not exists[39m
[31 May, 2024 - 12:43:32:4332] [31merror[39m: [31mUser with email or username does not exists[39m
[31 May, 2024 - 12:47:49:4749] [31merror[39m: [31mUser with email or username does not exists[39m
[31 May, 2024 - 12:48:03:483] [31merror[39m: [31mUser with email or username does not exists[39m
